\BOOKMARK [0][-]{chapter*.1}{Muc luc}{}% 1
\BOOKMARK [0][-]{chapter*.2}{M u}{}% 2
\BOOKMARK [0][-]{chapter*.3}{Danh s\341ch h\354nh ve}{}% 3
\BOOKMARK [0][-]{chapter*.4}{Danh s\341ch bang}{}% 4
\BOOKMARK [0][-]{chapter.1}{Tng quan v l\375 thuyt chui thi gian v\340 m\364 h\354nh ARIMA}{}% 5
\BOOKMARK [1][-]{section.1.1}{C\341c vn \040v chui thi gian}{chapter.1}% 6
\BOOKMARK [2][-]{subsection.1.1.1}{Tng quan trong chui thi gian}{section.1.1}% 7
\BOOKMARK [2][-]{subsection.1.1.2}{Chui c\363 t\355nh dng}{section.1.1}% 8
\BOOKMARK [2][-]{subsection.1.1.3}{c lng cua tng quan}{section.1.1}% 9
\BOOKMARK [2][-]{subsection.1.1.4}{Hi quy c in trong ph\342n t\355ch chui thi gian}{section.1.1}% 10
\BOOKMARK [2][-]{subsection.1.1.5}{Ph\342n t\355ch tham d\362 d liu}{section.1.1}% 11
\BOOKMARK [2][-]{subsection.1.1.6}{Kim inh t\355nh dng }{section.1.1}% 12
\BOOKMARK [1][-]{section.1.2}{M\364 h\354nh ARIMA v\340 d b\341o}{chapter.1}% 13
\BOOKMARK [2][-]{subsection.1.2.1}{M\364 h\354nh t hi quy}{section.1.2}% 14
\BOOKMARK [2][-]{subsection.1.2.2}{M\364 h\354nh trung b\354nh trt}{section.1.2}% 15
\BOOKMARK [2][-]{subsection.1.2.3}{M\364 h\354nh t hi quy trung b\354nh trt}{section.1.2}% 16
\BOOKMARK [2][-]{subsection.1.2.4}{Phng tr\354nh sai ph\342n}{section.1.2}% 17
\BOOKMARK [2][-]{subsection.1.2.5}{H\340m t tng quan v\340 h\340m t tng quan tng phn}{section.1.2}% 18
\BOOKMARK [2][-]{subsection.1.2.6}{D b\341o}{section.1.2}% 19
\BOOKMARK [2][-]{subsection.1.2.7}{M\364 h\354nh t hi quy t\355ch hp trung b\354nh trt}{section.1.2}% 20
\BOOKMARK [2][-]{subsection.1.2.8}{C\341c bc \040x\342y dng m\364 h\354nh ARIMA}{section.1.2}% 21
\BOOKMARK [2][-]{subsection.1.2.9}{M\364 h\354nh ARIMA theo m\371a}{section.1.2}% 22
\BOOKMARK [0][-]{chapter.2}{Ph\342n t\355ch chui thi gian bng m\364 h\354nh ARIMA vi phn mm R}{}% 23
\BOOKMARK [1][-]{section.2.1}{Tng quan v phn mm R v\340 c\341c g\363i lnh}{chapter.2}% 24
\BOOKMARK [1][-]{section.2.2}{Ph\342n t\355ch v\340 d b\341o tr\352n tp d liu COVID-19}{chapter.2}% 25
\BOOKMARK [2][-]{subsection.2.2.1}{Ph\342n t\355ch d liu COVID-19 tr\352n to\340n th gii}{section.2.2}% 26
\BOOKMARK [2][-]{subsection.2.2.2}{D b\341o s ca nhim mi v\340 s ca t vong do COVID-19 g\342y ra bng m\364 h\354nh ARIMA}{section.2.2}% 27
\BOOKMARK [1][-]{section.2.3}{D b\341o lng ma h\340ng th\341ng tai tram quan trc Quy Nhn}{chapter.2}% 28
\BOOKMARK [2][-]{subsection.2.3.1}{Tng quan v c im lng ma tai tram quan trc Quy Nhn}{section.2.3}% 29
\BOOKMARK [2][-]{subsection.2.3.2}{D b\341o lng ma h\340ng th\341ng tai tram quan trc Quy Nhn}{section.2.3}% 30
\BOOKMARK [1][-]{section.2.4}{Webstie Dashboard COVID-19}{chapter.2}% 31
\BOOKMARK [1][-]{section.2.5}{So s\341nh m\364 h\354nh ARIMA vi m\364 h\354nh NNAR}{chapter.2}% 32
\BOOKMARK [0][-]{appendix.A}{C\341c inh l\375 v\340 thut to\341n}{}% 33
\BOOKMARK [1][-]{section.A.1}{Thut to\341n Hyndman - Khandakar \(2008\)}{appendix.A}% 34
\BOOKMARK [1][-]{section.A.2}{C\341c thc o \341nh gi\341 sai s d b\341o}{appendix.A}% 35
\BOOKMARK [0][-]{appendix.B}{X l\355 s liu}{}% 36
\BOOKMARK [1][-]{section.B.1}{D liu COVID-19 tr\352n to\340n th gii}{appendix.B}% 37
\BOOKMARK [1][-]{section.B.2}{D liu COVID-19 cua tt ca c\341c quc gia c\363 dich}{appendix.B}% 38
\BOOKMARK [1][-]{section.B.3}{D liu lng ma tai tram quan trc Quy Nhn}{appendix.B}% 39
\BOOKMARK [0][-]{appendix*.27}{T\340i liu tham khao}{}% 40
